Arguments: 
  /Users/jamestang/.nvm/versions/node/v8.4.0/bin/node /usr/local/Cellar/yarn/1.1.0/libexec/bin/yarn.js init

PATH: 
  /Users/jamestang/.rvm/gems/ruby-2.4.0/bin:/Users/jamestang/.rvm/gems/ruby-2.4.0@global/bin:/Users/jamestang/.rvm/rubies/ruby-2.4.0/bin:/Users/jamestang/.rbenv/shims:/Users/jamestang/.rbenv/shims:/Users/jamestang/.nvm/versions/node/v8.4.0/bin:/Users/jamestang/bin:/usr/local/bin:/usr/bin:/bin:/usr/sbin:/sbin:/usr/local/bin:/Applications/Postgres.app/Contents/Versions/latest/bin:/Users/jamestang/.rvm/bin

Yarn version: 
  1.1.0

Node version: 
  8.4.0

Platform: 
  darwin x64

npm manifest: 
  {
    "name": "WDI_PROJECT_2",
    "version": "1.0.0",
    "main": "index.js",
    "repository": "git@github.com:Jcct100/WDI_PROJECT_2.git",
    "author": "Jcct100 <jamestang_@outlook.com>",
    "license": "MIT"
    "dependencies" {
      "babel-preset-es2015": "^6.18.0",
      "bluebird": "^3.5.0",
      "body-parser": "^1.14.2",
      "browser-sync": "^2.18.8",
      "ejs": "^2.5.6",
      "express": "^4.15.2",
      "express-ejs-layouts": "^2.3.0",
      "gulp": "^3.9.1",
      "gulp-babel": "^6.1.2",
      "gulp-clean-css": "^3.0.4",
      "gulp-nodemon": "^2.2.1",
      "gulp-sass": "^3.1.0",
      "gulp-uglify": "^2.1.2",
      "method-override": "^2.3.9",
      "mongoose": "^4.9.4",
      "morgan": "^1.8.1",
      "nodemon": "^1.11.0"
    }
  }

yarn manifest: 
  No manifest

Lockfile: 
  No lockfile

Trace: 
  SyntaxError: /Users/jamestang/Desktop/Development/WDI_PROJECT_2/package.json: Unexpected string in JSON at position 202
      at JSON.parse (<anonymous>)
      at /usr/local/Cellar/yarn/1.1.0/libexec/lib/cli.js:764:59
      at Generator.next (<anonymous>)
      at step (/usr/local/Cellar/yarn/1.1.0/libexec/lib/cli.js:92:30)
      at /usr/local/Cellar/yarn/1.1.0/libexec/lib/cli.js:103:13
      at <anonymous>
